<?xml version="1.0" encoding="UTF-8"?>
<testsuites tests="1" failures="0" errors="0" skipped="0">
  <testsuite name="My Login application" timestamp="2025-08-14T02:03:03" time="3.902" tests="1" failures="0" errors="0" skipped="0">
    <properties>
      <property name="specId" value="0"/>
      <property name="suiteName" value="My Login application"/>
      <property name="capabilities" value="microsoftedge.139_0_3405_86.windows"/>
      <property name="file" value="file:///C:/Users/KAHXIE/Desktop/SCC%20Assignment/Assignment1Project/test/specs/test.e2e.ts"/>
    </properties>
    <testcase classname="microsoftedge.139_0_3405_86.windows.My_Login_application" name="should login with valid credentials" time="3.901">
      <system-out><![CDATA[
COMMAND: POST /session/ea7ec5ed293fcd333b5fe61d7cca4182/element/f.87CB07D910AE477C91B9495015DC442D.d.20B3B9A9D0EFC9899FE49E927DF35DCE.e.2/clear - {}
RESULT: {}
COMMAND: POST /session/ea7ec5ed293fcd333b5fe61d7cca4182/element/f.87CB07D910AE477C91B9495015DC442D.d.20B3B9A9D0EFC9899FE49E927DF35DCE.e.2/value - {"text":"tomsmith"}
RESULT: {"text":"tomsmith"}
COMMAND: POST /session/ea7ec5ed293fcd333b5fe61d7cca4182/element/f.87CB07D910AE477C91B9495015DC442D.d.20B3B9A9D0EFC9899FE49E927DF35DCE.e.3/clear - {}
RESULT: {}
COMMAND: POST /session/ea7ec5ed293fcd333b5fe61d7cca4182/element/f.87CB07D910AE477C91B9495015DC442D.d.20B3B9A9D0EFC9899FE49E927DF35DCE.e.3/value - {"text":"SuperSecretPassword!"}
RESULT: {"text":"SuperSecretPassword!"}
COMMAND: POST /session/ea7ec5ed293fcd333b5fe61d7cca4182/element/f.87CB07D910AE477C91B9495015DC442D.d.20B3B9A9D0EFC9899FE49E927DF35DCE.e.4/click - {}
RESULT: {}
COMMAND: GET /session/ea7ec5ed293fcd333b5fe61d7cca4182/element/f.87CB07D910AE477C91B9495015DC442D.d.453CBF76D4221648664B26B9CFF215D1.e.15/text - {}
RESULT: {}
COMMAND: DELETE /session/ea7ec5ed293fcd333b5fe61d7cca4182 - {}
RESULT: {}
]]></system-out>
    </testcase>
  </testsuite>
</testsuites>